0 info it worked if it ends with ok
1 verbose cli [ 'F:\\nodeJS\\node.exe',
1 verbose cli   'F:\\nodeJS\\node_modules\\npm\\bin\\npm-cli.js',
1 verbose cli   'install',
1 verbose cli   'ionic-timepicker--save' ]
2 info using npm@2.15.0
3 info using node@v4.4.2
4 verbose install initial load of D:\SS\superschool\package.json
5 warn package.json superschool@1.1.1 No repository field.
6 warn package.json superschool@1.1.1 No README data
7 warn package.json superschool@1.1.1 No license field.
8 verbose readDependencies loading dependencies from D:\SS\superschool\package.json
9 silly cache add args [ 'ionic-timepicker--save', null ]
10 verbose cache add spec ionic-timepicker--save
11 silly cache add parsed spec Result {
11 silly cache add   raw: 'ionic-timepicker--save',
11 silly cache add   scope: null,
11 silly cache add   name: 'ionic-timepicker--save',
11 silly cache add   rawSpec: '',
11 silly cache add   spec: 'latest',
11 silly cache add   type: 'tag' }
12 silly addNamed ionic-timepicker--save@latest
13 verbose addNamed "latest" is being treated as a dist-tag for ionic-timepicker--save
14 info addNameTag [ 'ionic-timepicker--save', 'latest' ]
15 silly mapToRegistry name ionic-timepicker--save
16 silly mapToRegistry using default registry
17 silly mapToRegistry registry https://registry.npmjs.org/
18 silly mapToRegistry data Result {
18 silly mapToRegistry   raw: 'ionic-timepicker--save',
18 silly mapToRegistry   scope: null,
18 silly mapToRegistry   name: 'ionic-timepicker--save',
18 silly mapToRegistry   rawSpec: '',
18 silly mapToRegistry   spec: 'latest',
18 silly mapToRegistry   type: 'tag' }
19 silly mapToRegistry uri https://registry.npmjs.org/ionic-timepicker--save
20 verbose addNameTag registry:https://registry.npmjs.org/ionic-timepicker--save not in flight; fetching
21 verbose request uri https://registry.npmjs.org/ionic-timepicker--save
22 verbose request no auth needed
23 info attempt registry request try #1 at 14:32:07
24 verbose request id 126109cede763a27
25 http request GET https://registry.npmjs.org/ionic-timepicker--save
26 http 404 https://registry.npmjs.org/ionic-timepicker--save
27 verbose headers { 'content-type': 'application/json',
27 verbose headers   'cache-control': 'max-age=0',
27 verbose headers   'content-length': '2',
27 verbose headers   'accept-ranges': 'bytes',
27 verbose headers   date: 'Mon, 05 Sep 2016 06:32:08 GMT',
27 verbose headers   via: '1.1 varnish',
27 verbose headers   age: '0',
27 verbose headers   connection: 'keep-alive',
27 verbose headers   'x-served-by': 'cache-lax1437-LAX',
27 verbose headers   'x-cache': 'MISS',
27 verbose headers   'x-cache-hits': '0',
27 verbose headers   'x-timer': 'S1473057128.181900,VS0,VE347',
27 verbose headers   vary: 'Accept-Encoding' }
28 silly get cb [ 404,
28 silly get   { 'content-type': 'application/json',
28 silly get     'cache-control': 'max-age=0',
28 silly get     'content-length': '2',
28 silly get     'accept-ranges': 'bytes',
28 silly get     date: 'Mon, 05 Sep 2016 06:32:08 GMT',
28 silly get     via: '1.1 varnish',
28 silly get     age: '0',
28 silly get     connection: 'keep-alive',
28 silly get     'x-served-by': 'cache-lax1437-LAX',
28 silly get     'x-cache': 'MISS',
28 silly get     'x-cache-hits': '0',
28 silly get     'x-timer': 'S1473057128.181900,VS0,VE347',
28 silly get     vary: 'Accept-Encoding' } ]
29 verbose stack Error: Registry returned 404 for GET on https://registry.npmjs.org/ionic-timepicker--save
29 verbose stack     at makeError (F:\nodeJS\node_modules\npm\node_modules\npm-registry-client\lib\request.js:264:12)
29 verbose stack     at CachingRegistryClient.<anonymous> (F:\nodeJS\node_modules\npm\node_modules\npm-registry-client\lib\request.js:242:14)
29 verbose stack     at Request._callback (F:\nodeJS\node_modules\npm\node_modules\npm-registry-client\lib\request.js:172:14)
29 verbose stack     at Request.self.callback (F:\nodeJS\node_modules\npm\node_modules\request\request.js:199:22)
29 verbose stack     at emitTwo (events.js:87:13)
29 verbose stack     at Request.emit (events.js:172:7)
29 verbose stack     at Request.<anonymous> (F:\nodeJS\node_modules\npm\node_modules\request\request.js:1036:10)
29 verbose stack     at emitOne (events.js:82:20)
29 verbose stack     at Request.emit (events.js:169:7)
29 verbose stack     at IncomingMessage.<anonymous> (F:\nodeJS\node_modules\npm\node_modules\request\request.js:963:12)
30 verbose statusCode 404
31 verbose pkgid ionic-timepicker--save
32 verbose cwd D:\SS\superschool
33 error Windows_NT 6.1.7601
34 error argv "F:\\nodeJS\\node.exe" "F:\\nodeJS\\node_modules\\npm\\bin\\npm-cli.js" "install" "ionic-timepicker--save"
35 error node v4.4.2
36 error npm  v2.15.0
37 error code E404
38 error 404 Registry returned 404 for GET on https://registry.npmjs.org/ionic-timepicker--save
38 error 404
38 error 404 'ionic-timepicker--save' is not in the npm registry.
38 error 404 You should bug the author to publish it (or use the name yourself!)
38 error 404 It was specified as a dependency of 'superschool'
38 error 404
38 error 404 Note that you can also install from a
38 error 404 tarball, folder, http url, or git url.
39 verbose exit [ 1, true ]
